[2m오후 2:24:35[22m [31m[1m[vite][22m[39m [31m[2m(client)[22m[39m [31m[Unhandled error] [1mError[22m: ResizeObserver loop completed with undelivered notifications.
[39m > ../../../../@vite/client:516:55

[2m오후 2:24:35[22m [31m[1m[vite][22m[39m [31m[2m(client)[22m[39m [31m[Unhandled error] [1mError[22m: ResizeObserver loop completed with undelivered notifications.
[39m > ../../../../@vite/client:516:55

[2m오후 2:24:35[22m [31m[1m[vite][22m[39m [31m[2m(client)[22m[39m [31m[Unhandled error] [1mError[22m: ResizeObserver loop completed with undelivered notifications.
[39m > ../../../../@vite/client:516:55

[2m오후 2:24:35[22m [31m[1m[vite][22m[39m [31m[2m(client)[22m[39m [31m[Unhandled error] [1mError[22m: ResizeObserver loop completed with undelivered notifications.
[39m > ../../../../@vite/client:516:55

[2m오후 2:24:35[22m [31m[1m[vite][22m[39m [31m[2m(client)[22m[39m [31m[Unhandled error] [1mError[22m: ResizeObserver loop completed with undelivered notifications.
[39m > ../../../../@vite/client:516:55

[2m오후 2:24:35[22m [31m[1m[vite][22m[39m [31m[2m(client)[22m[39m [31m[Unhandled error] [1mError[22m: ResizeObserver loop completed with undelivered notifications.
[39m > ../../../../@vite/client:516:55

[2m오후 2:24:35[22m [31m[1m[vite][22m[39m [31m[2m(client)[22m[39m [31m[Unhandled error] [1mError[22m: ResizeObserver loop completed with undelivered notifications.
[39m > ../../../../@vite/client:516:55

[2m오후 2:24:35[22m [31m[1m[vite][22m[39m [31m[2m(client)[22m[39m [31m[Unhandled error] [1mError[22m: ResizeObserver loop completed with undelivered notifications.
[39m > ../../../../@vite/client:516:55

[2m오후 2:24:35[22m [31m[1m[vite][22m[39m [31m[2m(client)[22m[39m [31m[Unhandled error] [1mError[22m: ResizeObserver loop completed with undelivered notifications.
[39m > ../../../../@vite/client:516:55

[2m오후 2:24:35[22m [31m[1m[vite][22m[39m [31m[2m(client)[22m[39m [31m[Unhandled error] [1mError[22m: ResizeObserver loop completed with undelivered notifications.
[39m > ../../../../@vite/client:516:55

[2m오후 2:24:35[22m [31m[1m[vite][22m[39m [31m[2m(client)[22m[39m [31m[Unhandled error] [1mError[22m: ResizeObserver loop completed with undelivered notifications.
[39m > ../../../../@vite/client:516:55

[2m오후 2:24:35[22m [31m[1m[vite][22m[39m [31m[2m(client)[22m[39m [31m[Unhandled error] [1mError[22m: ResizeObserver loop completed with undelivered notifications.
[39m > ../../../../@vite/client:516:55

[2m오후 2:24:35[22m [31m[1m[vite][22m[39m [31m[2m(client)[22m[39m [31m[Unhandled error] [1mError[22m: ResizeObserver loop completed with undelivered notifications.
[39m > ../../../../@vite/client:516:55

[2m오후 2:24:35[22m [31m[1m[vite][22m[39m [31m[2m(client)[22m[39m [31m[Unhandled error] [1mError[22m: ResizeObserver loop completed with undelivered notifications.
[39m > ../../../../@vite/client:516:55

[2m오후 2:24:35[22m [31m[1m[vite][22m[39m [31m[2m(client)[22m[39m [31m[Unhandled error] [1mError[22m: ResizeObserver loop completed with undelivered notifications.
[39m > ../../../../@vite/client:516:55

[2m오후 2:24:35[22m [31m[1m[vite][22m[39m [31m[2m(client)[22m[39m [31m[Unhandled error] [1mError[22m: ResizeObserver loop completed with undelivered notifications.
[39m > ../../../../@vite/client:516:55

[2m오후 2:24:35[22m [31m[1m[vite][22m[39m [31m[2m(client)[22m[39m [31m[Unhandled error] [1mError[22m: ResizeObserver loop completed with undelivered notifications.
[39m > ../../../../@vite/client:516:55

[2m오후 2:24:35[22m [31m[1m[vite][22m[39m [31m[2m(client)[22m[39m [31m[Unhandled error] [1mError[22m: ResizeObserver loop completed with undelivered notifications.
[39m > ../../../../@vite/client:516:55

[2m오후 2:24:35[22m [31m[1m[vite][22m[39m [31m[2m(client)[22m[39m [31m[Unhandled error] [1mError[22m: ResizeObserver loop completed with undelivered notifications.
[39m > ../../../../@vite/client:516:55

[2m오후 2:24:35[22m [31m[1m[vite][22m[39m [31m[2m(client)[22m[39m [31m[Unhandled error] [1mError[22m: ResizeObserver loop completed with undelivered notifications.
[39m > ../../../../@vite/client:516:55

[2m오후 2:24:35[22m [31m[1m[vite][22m[39m [31m[2m(client)[22m[39m [31m[Unhandled error] [1mError[22m: ResizeObserver loop completed with undelivered notifications.
[39m > ../../../../@vite/client:516:55

[2m오후 2:24:35[22m [31m[1m[vite][22m[39m [31m[2m(client)[22m[39m [31m[Unhandled error] [1mError[22m: ResizeObserver loop completed with undelivered notifications.
[39m > ../../../../@vite/client:516:55

[2m오후 2:24:35[22m [31m[1m[vite][22m[39m [31m[2m(client)[22m[39m [31m[Unhandled error] [1mError[22m: ResizeObserver loop completed with undelivered notifications.
[39m > ../../../../@vite/client:516:55

[2m오후 2:24:35[22m [31m[1m[vite][22m[39m [31m[2m(client)[22m[39m [31m[Unhandled error] [1mError[22m: ResizeObserver loop completed with undelivered notifications.
[39m > ../../../../@vite/client:516:55

[2m오후 2:24:35[22m [31m[1m[vite][22m[39m [31m[2m(client)[22m[39m [31m[Unhandled error] [1mError[22m: ResizeObserver loop completed with undelivered notifications.
[39m > ../../../../@vite/client:516:55

[2m오후 2:24:35[22m [31m[1m[vite][22m[39m [31m[2m(client)[22m[39m [31m[Unhandled error] [1mError[22m: ResizeObserver loop completed with undelivered notifications.
[39m > ../../../../@vite/client:516:55

[2m오후 2:24:35[22m [31m[1m[vite][22m[39m [31m[2m(client)[22m[39m [31m[Unhandled error] [1mError[22m: ResizeObserver loop completed with undelivered notifications.
[39m > ../../../../@vite/client:516:55

[2m오후 2:24:35[22m [31m[1m[vite][22m[39m [31m[2m(client)[22m[39m [31m[Unhandled error] [1mError[22m: ResizeObserver loop completed with undelivered notifications.
[39m > ../../../../@vite/client:516:55

[2m오후 2:24:35[22m [31m[1m[vite][22m[39m [31m[2m(client)[22m[39m [31m[Unhandled error] [1mError[22m: ResizeObserver loop completed with undelivered notifications.
[39m > ../../../../@vite/client:516:55

[2m오후 2:24:35[22m [31m[1m[vite][22m[39m [31m[2m(client)[22m[39m [31m[Unhandled error] [1mError[22m: ResizeObserver loop completed with undelivered notifications.
[39m > ../../../../@vite/client:516:55

[2m오후 2:24:35[22m [31m[1m[vite][22m[39m [31m[2m(client)[22m[39m [31m[Unhandled error] [1mError[22m: ResizeObserver loop completed with undelivered notifications.
[39m > ../../../../@vite/client:516:55

[2m오후 2:24:35[22m [31m[1m[vite][22m[39m [31m[2m(client)[22m[39m [31m[Unhandled error] [1mError[22m: ResizeObserver loop completed with undelivered notifications.
[39m > ../../../../@vite/client:516:55

[2m오후 2:24:35[22m [31m[1m[vite][22m[39m [31m[2m(client)[22m[39m [31m[Unhandled error] [1mError[22m: ResizeObserver loop completed with undelivered notifications.
[39m > ../../../../@vite/client:516:55

[2m오후 2:24:35[22m [31m[1m[vite][22m[39m [31m[2m(client)[22m[39m [31m[Unhandled error] [1mError[22m: ResizeObserver loop completed with undelivered notifications.
[39m > ../../../../@vite/client:516:55

[2m오후 2:24:35[22m [31m[1m[vite][22m[39m [31m[2m(client)[22m[39m [31m[Unhandled error] [1mError[22m: ResizeObserver loop completed with undelivered notifications.
[39m > ../../../../@vite/client:516:55

[2m오후 2:24:35[22m [31m[1m[vite][22m[39m [31m[2m(client)[22m[39m [31m[Unhandled error] [1mError[22m: ResizeObserver loop completed with undelivered notifications.
[39m > ../../../../@vite/client:516:55

[2m오후 2:24:35[22m [31m[1m[vite][22m[39m [31m[2m(client)[22m[39m [31m[Unhandled error] [1mError[22m: ResizeObserver loop completed with undelivered notifications.
[39m > ../../../../@vite/client:516:55

[2m오후 2:24:35[22m [31m[1m[vite][22m[39m [31m[2m(client)[22m[39m [31m[Unhandled error] [1mError[22m: ResizeObserver loop completed with undelivered notifications.
[39m > ../../../../@vite/client:516:55

[2m오후 2:24:35[22m [31m[1m[vite][22m[39m [31m[2m(client)[22m[39m [31m[Unhandled error] [1mError[22m: ResizeObserver loop completed with undelivered notifications.
[39m > ../../../../@vite/client:516:55

[2m오후 2:24:35[22m [31m[1m[vite][22m[39m [31m[2m(client)[22m[39m [31m[Unhandled error] [1mError[22m: ResizeObserver loop completed with undelivered notifications.
[39m > ../../../../@vite/client:516:55

[2m오후 2:24:35[22m [31m[1m[vite][22m[39m [31m[2m(client)[22m[39m [31m[Unhandled error] [1mError[22m: ResizeObserver loop completed with undelivered notifications.
[39m > ../../../../@vite/client:516:55

[2m오후 2:24:35[22m [31m[1m[vite][22m[39m [31m[2m(client)[22m[39m [31m[Unhandled error] [1mError[22m: ResizeObserver loop completed with undelivered notifications.
[39m > ../../../../@vite/client:516:55

[2m오후 2:24:35[22m [31m[1m[vite][22m[39m [31m[2m(client)[22m[39m [31m[Unhandled error] [1mError[22m: ResizeObserver loop completed with undelivered notifications.
[39m > ../../../../@vite/client:516:55

[2m오후 2:24:35[22m [31m[1m[vite][22m[39m [31m[2m(client)[22m[39m [31m[Unhandled error] [1mError[22m: ResizeObserver loop completed with undelivered notifications.
[39m > ../../../../@vite/client:516:55

[2m오후 2:24:35[22m [31m[1m[vite][22m[39m [31m[2m(client)[22m[39m [31m[Unhandled error] [1mError[22m: ResizeObserver loop completed with undelivered notifications.
[39m > ../../../../@vite/client:516:55

[2m오후 2:24:35[22m [31m[1m[vite][22m[39m [31m[2m(client)[22m[39m [31m[Unhandled error] [1mError[22m: ResizeObserver loop completed with undelivered notifications.
[39m > ../../../../@vite/client:516:55

[2m오후 2:24:35[22m [31m[1m[vite][22m[39m [31m[2m(client)[22m[39m [31m[Unhandled error] [1mError[22m: ResizeObserver loop completed with undelivered notifications.
[39m > ../../../../@vite/client:516:55

[2m오후 2:24:35[22m [31m[1m[vite][22m[39m [31m[2m(client)[22m[39m [31m[Unhandled error] [1mError[22m: ResizeObserver loop completed with undelivered notifications.
[39m > ../../../../@vite/client:516:55

[2m오후 2:24:35[22m [31m[1m[vite][22m[39m [31m[2m(client)[22m[39m [31m[Unhandled error] [1mError[22m: ResizeObserver loop completed with undelivered notifications.
[39m > ../../../../@vite/client:516:55

[2m오후 2:24:35[22m [31m[1m[vite][22m[39m [31m[2m(client)[22m[39m [31m[Unhandled error] [1mError[22m: ResizeObserver loop completed with undelivered notifications.
[39m > ../../../../@vite/client:516:55

[2m오후 2:24:35[22m [31m[1m[vite][22m[39m [31m[2m(client)[22m[39m [31m[Unhandled error] [1mError[22m: ResizeObserver loop completed with undelivered notifications.
[39m > ../../../../@vite/client:516:55

[2m오후 2:24:35[22m [31m[1m[vite][22m[39m [31m[2m(client)[22m[39m [31m[Unhandled error] [1mError[22m: ResizeObserver loop completed with undelivered notifications.
[39m > ../../../../@vite/client:516:55

[2m오후 2:24:35[22m [31m[1m[vite][22m[39m [31m[2m(client)[22m[39m [31m[Unhandled error] [1mError[22m: ResizeObserver loop completed with undelivered notifications.
[39m > ../../../../@vite/client:516:55

[2m오후 2:24:35[22m [31m[1m[vite][22m[39m [31m[2m(client)[22m[39m [31m[Unhandled error] [1mError[22m: ResizeObserver loop completed with undelivered notifications.
[39m > ../../../../@vite/client:516:55

[2m오후 2:24:35[22m [31m[1m[vite][22m[39m [31m[2m(client)[22m[39m [31m[Unhandled error] [1mError[22m: ResizeObserver loop completed with undelivered notifications.
[39m > ../../../../@vite/client:516:55

[2m오후 2:24:35[22m [31m[1m[vite][22m[39m [31m[2m(client)[22m[39m [31m[Unhandled error] [1mError[22m: ResizeObserver loop completed with undelivered notifications.
[39m > ../../../../@vite/client:516:55

[2m오후 2:24:35[22m [31m[1m[vite][22m[39m [31m[2m(client)[22m[39m [31m[Unhandled error] [1mError[22m: ResizeObserver loop completed with undelivered notifications.
[39m > ../../../../@vite/client:516:55

[2m오후 2:24:35[22m [31m[1m[vite][22m[39m [31m[2m(client)[22m[39m [31m[Unhandled error] [1mError[22m: ResizeObserver loop completed with undelivered notifications.
[39m > ../../../../@vite/client:516:55

[2m오후 2:24:35[22m [31m[1m[vite][22m[39m [31m[2m(client)[22m[39m [31m[Unhandled error] [1mError[22m: ResizeObserver loop completed with undelivered notifications.
[39m > ../../../../@vite/client:516:55

[2m오후 2:24:35[22m [31m[1m[vite][22m[39m [31m[2m(client)[22m[39m [31m[Unhandled error] [1mError[22m: ResizeObserver loop completed with undelivered notifications.
[39m > ../../../../@vite/client:516:55

[2m오후 2:24:35[22m [31m[1m[vite][22m[39m [31m[2m(client)[22m[39m [31m[Unhandled error] [1mError[22m: ResizeObserver loop completed with undelivered notifications.
[39m > ../../../../@vite/client:516:55

[2m오후 2:24:35[22m [31m[1m[vite][22m[39m [31m[2m(client)[22m[39m [31m[Unhandled error] [1mError[22m: ResizeObserver loop completed with undelivered notifications.
[39m > ../../../../@vite/client:516:55

[2m오후 2:24:35[22m [31m[1m[vite][22m[39m [31m[2m(client)[22m[39m [31m[Unhandled error] [1mError[22m: ResizeObserver loop completed with undelivered notifications.
[39m > ../../../../@vite/client:516:55

[2m오후 2:24:35[22m [31m[1m[vite][22m[39m [31m[2m(client)[22m[39m [31m[Unhandled error] [1mError[22m: ResizeObserver loop completed with undelivered notifications.
[39m > ../../../../@vite/client:516:55

[2m오후 2:24:35[22m [31m[1m[vite][22m[39m [31m[2m(client)[22m[39m [31m[Unhandled error] [1mError[22m: ResizeObserver loop completed with undelivered notifications.
[39m > ../../../../@vite/client:516:55

[2m오후 2:24:35[22m [31m[1m[vite][22m[39m [31m[2m(client)[22m[39m [31m[Unhandled error] [1mError[22m: ResizeObserver loop completed with undelivered notifications.
[39m > ../../../../@vite/client:516:55

[2m오후 2:24:36[22m [31m[1m[vite][22m[39m [31m[2m(client)[22m[39m [31m[Unhandled error] [1mError[22m: ResizeObserver loop completed with undelivered notifications.
[39m > ../../../../@vite/client:516:55

[2m오후 2:24:36[22m [31m[1m[vite][22m[39m [31m[2m(client)[22m[39m [31m[Unhandled error] [1mError[22m: ResizeObserver loop completed with undelivered notifications.
[39m > ../../../../@vite/client:516:55

[2m오후 2:24:36[22m [31m[1m[vite][22m[39m [31m[2m(client)[22m[39m [31m[Unhandled error] [1mError[22m: ResizeObserver loop completed with undelivered notifications.
[39m > ../../../../@vite/client:516:55

[2m오후 2:24:36[22m [31m[1m[vite][22m[39m [31m[2m(client)[22m[39m [31m[Unhandled error] [1mError[22m: ResizeObserver loop completed with undelivered notifications.
[39m > ../../../../@vite/client:516:55

[2m오후 2:24:36[22m [31m[1m[vite][22m[39m [31m[2m(client)[22m[39m [31m[Unhandled error] [1mError[22m: ResizeObserver loop completed with undelivered notifications.
[39m > ../../../../@vite/client:516:55

[2m오후 2:24:36[22m [31m[1m[vite][22m[39m [31m[2m(client)[22m[39m [31m[Unhandled error] [1mError[22m: ResizeObserver loop completed with undelivered notifications.
[39m > ../../../../@vite/client:516:55

[2m오후 2:24:36[22m [31m[1m[vite][22m[39m [31m[2m(client)[22m[39m [31m[Unhandled error] [1mError[22m: ResizeObserver loop completed with undelivered notifications.
[39m > ../../../../@vite/client:516:55

[2m오후 2:24:36[22m [31m[1m[vite][22m[39m [31m[2m(client)[22m[39m [31m[Unhandled error] [1mError[22m: ResizeObserver loop completed with undelivered notifications.
[39m > ../../../../@vite/client:516:55

[2m오후 2:24:36[22m [31m[1m[vite][22m[39m [31m[2m(client)[22m[39m [31m[Unhandled error] [1mError[22m: ResizeObserver loop completed with undelivered notifications.
[39m > ../../../../@vite/client:516:55

[2m오후 2:24:36[22m [31m[1m[vite][22m[39m [31m[2m(client)[22m[39m [31m[Unhandled error] [1mError[22m: ResizeObserver loop completed with undelivered notifications.
[39m > ../../../../@vite/client:516:55

[2m오후 2:24:36[22m [31m[1m[vite][22m[39m [31m[2m(client)[22m[39m [31m[Unhandled error] [1mError[22m: ResizeObserver loop completed with undelivered notifications.
[39m > ../../../../@vite/client:516:55

[2m오후 2:24:36[22m [31m[1m[vite][22m[39m [31m[2m(client)[22m[39m [31m[Unhandled error] [1mError[22m: ResizeObserver loop completed with undelivered notifications.
[39m > ../../../../@vite/client:516:55

[2m오후 2:24:36[22m [31m[1m[vite][22m[39m [31m[2m(client)[22m[39m [31m[Unhandled error] [1mError[22m: ResizeObserver loop completed with undelivered notifications.
[39m > ../../../../@vite/client:516:55

[2m오후 2:24:36[22m [31m[1m[vite][22m[39m [31m[2m(client)[22m[39m [31m[Unhandled error] [1mError[22m: ResizeObserver loop completed with undelivered notifications.
[39m > ../../../../@vite/client:516:55

[2m오후 2:24:36[22m [31m[1m[vite][22m[39m [31m[2m(client)[22m[39m [31m[Unhandled error] [1mError[22m: ResizeObserver loop completed with undelivered notifications.
[39m > ../../../../@vite/client:516:55

[2m오후 2:24:36[22m [31m[1m[vite][22m[39m [31m[2m(client)[22m[39m [31m[Unhandled error] [1mError[22m: ResizeObserver loop completed with undelivered notifications.
[39m > ../../../../@vite/client:516:55

[2m오후 2:24:36[22m [31m[1m[vite][22m[39m [31m[2m(client)[22m[39m [31m[Unhandled error] [1mError[22m: ResizeObserver loop completed with undelivered notifications.
[39m > ../../../../@vite/client:516:55

[2m오후 2:24:36[22m [31m[1m[vite][22m[39m [31m[2m(client)[22m[39m [31m[Unhandled error] [1mError[22m: ResizeObserver loop completed with undelivered notifications.
[39m > ../../../../@vite/client:516:55

[2m오후 2:24:36[22m [31m[1m[vite][22m[39m [31m[2m(client)[22m[39m [31m[Unhandled error] [1mError[22m: ResizeObserver loop completed with undelivered notifications.
[39m > ../../../../@vite/client:516:55

[2m오후 2:24:36[22m [31m[1m[vite][22m[39m [31m[2m(client)[22m[39m [31m[Unhandled error] [1mError[22m: ResizeObserver loop completed with undelivered notifications.
[39m > ../../../../@vite/client:516:55

[2m오후 2:33:14[22m [33m[1m[vite][22m[39m [33m[2m(client)[22m[39m [2m[console.warn] [22m[print-pdf-analysis] worker log polling failed TypeError: Cannot read properties of undefined (reading 'invoke')
    at invoke (http://localhost:7700/node_modules/.vite/deps/core-CiOu3334.js?v=2ace863c:204:36)
    at poll (http://localhost:7700/src/print/progress.ts:130:26)
    at startPrintWorkerLogPolling (http://localhost:7700/src/print/progress.ts:144:7)
    at previewCurrentDocPdfChunk (http://localhost:7700/src/print/export-current-doc.ts:95:26)
    at runPrintDialogFlow (http://localhost:7700/src/print/dialog-entry.ts:11:8)
    at async Object.execute (http://localhost:7700/src/command/commands/file.ts:132:5)
[2m오후 2:33:14[22m [31m[1m[vite][22m[39m [31m[2m(client)[22m[39m [2m[console.error] [22m[file:print] Cannot read properties of undefined (reading 'invoke')
[2m오후 2:33:23[22m [33m[1m[vite][22m[39m [33m[2m(client)[22m[39m [2m[console.warn] [22m[print-pdf-analysis] worker log polling failed TypeError: Cannot read properties of undefined (reading 'invoke')
    at invoke (http://localhost:7700/node_modules/.vite/deps/core-CiOu3334.js?v=2ace863c:204:36)
    at poll (http://localhost:7700/src/print/progress.ts:130:26)
    at startPrintWorkerLogPolling (http://localhost:7700/src/print/progress.ts:144:7)
    at previewCurrentDocPdfChunk (http://localhost:7700/src/print/export-current-doc.ts:95:26)
    at runPrintDialogFlow (http://localhost:7700/src/print/dialog-entry.ts:11:8)
    at async Object.execute (http://localhost:7700/src/command/commands/file.ts:132:5)
[2m오후 2:33:23[22m [31m[1m[vite][22m[39m [31m[2m(client)[22m[39m [2m[console.error] [22m[file:print] Cannot read properties of undefined (reading 'invoke')
[2m오후 2:33:36[22m [33m[1m[vite][22m[39m [33m[2m(client)[22m[39m [2m[console.warn] [22m[print-pdf-analysis] worker log polling failed TypeError: Cannot read properties of undefined (reading 'invoke')
    at invoke (http://localhost:7700/node_modules/.vite/deps/core-CiOu3334.js?v=2ace863c:204:36)
    at poll (http://localhost:7700/src/print/progress.ts:130:26)
    at startPrintWorkerLogPolling (http://localhost:7700/src/print/progress.ts:144:7)
    at previewCurrentDocPdfChunk (http://localhost:7700/src/print/export-current-doc.ts:95:26)
    at runPrintDialogFlow (http://localhost:7700/src/print/dialog-entry.ts:11:8)
    at async Object.execute (http://localhost:7700/src/command/commands/file.ts:132:5)
[2m오후 2:33:36[22m [31m[1m[vite][22m[39m [31m[2m(client)[22m[39m [2m[console.error] [22m[file:print] Cannot read properties of undefined (reading 'invoke')
[2m오후 2:37:31[22m [33m[1m[vite][22m[39m [33m[2m(client)[22m[39m [2m[console.warn] [22m[print-pdf-analysis] Tauri invoke runtime unavailable; falling back to browser PDF preview
^C